<?xml version="1.0" encoding="UTF-8"?>
<!-- Generated by org.testng.reporters.JUnitXMLReporter -->
<testsuite ignored="0" hostname="MSI" failures="0" tests="6" name="Default test" time="84.533" errors="0" timestamp="2024-05-25T16:55:58 IST">
  <testcase classname="myProject.LoginPage" name="assertion" time="5.121"/>
  <testcase classname="myProject.LoginPage" name="validTest1" time="13.7"/>
  <testcase classname="myProject.LoginPage" name="negativetest1" time="13.387"/>
  <testcase classname="myProject.LoginPage" name="negativeTest2" time="14.048"/>
  <testcase classname="myProject.LoginPage" name="negativeTest3" time="13.326"/>
  <testcase classname="myProject.LoginPage" name="isAmountSorted" time="13.408"/>
</testsuite> <!-- Default test -->
