<?xml version="1.0" encoding="UTF-8"?>
<!-- Generated by org.testng.reporters.JUnitXMLReporter -->
<testsuite ignored="0" hostname="MSI" failures="0" tests="6" name="Default test" time="93.132" errors="0" timestamp="2024-05-26T02:56:45 IST">
  <testcase classname="myProject.LoginPage" name="assertion" time="5.122"/>
  <testcase classname="myProject.LoginPage" name="validTest1" time="14.357"/>
  <testcase classname="myProject.LoginPage" name="negativetest1" time="14.551"/>
  <testcase classname="myProject.LoginPage" name="negativeTest2" time="13.235"/>
  <testcase classname="myProject.LoginPage" name="negativeTest3" time="14.71"/>
  <testcase classname="myProject.LoginPage" name="isAmountSorted" time="13.354"/>
</testsuite> <!-- Default test -->
