<?xml version="1.0" encoding="UTF-8"?>
<testng-results ignored="0" total="6" passed="6" failed="0" skipped="0">
  <reporter-output>
  </reporter-output>
  <suite started-at="2024-05-25T16:54:33 IST" name="Default suite" finished-at="2024-05-25T16:55:58 IST" duration-ms="84533">
    <groups>
    </groups>
    <test started-at="2024-05-25T16:54:33 IST" name="Default test" finished-at="2024-05-25T16:55:58 IST" duration-ms="84533">
      <class name="myProject.LoginPage">
        <test-method is-config="true" signature="setup()[pri:0, instance:myProject.LoginPage@644baf4a]" started-at="2024-05-25T16:54:33 IST" name="setup" finished-at="2024-05-25T16:54:36 IST" duration-ms="2337" status="PASS">
          <reporter-output>
          </reporter-output>
        </test-method> <!-- setup -->
        <test-method signature="assertion()[pri:1, instance:myProject.LoginPage@644baf4a]" started-at="2024-05-25T16:54:36 IST" name="assertion" finished-at="2024-05-25T16:54:41 IST" duration-ms="5121" status="PASS">
          <reporter-output>
          </reporter-output>
        </test-method> <!-- assertion -->
        <test-method is-config="true" signature="tearDown()[pri:0, instance:myProject.LoginPage@644baf4a]" started-at="2024-05-25T16:54:41 IST" name="tearDown" finished-at="2024-05-25T16:54:41 IST" duration-ms="219" status="PASS">
          <reporter-output>
          </reporter-output>
        </test-method> <!-- tearDown -->
        <test-method is-config="true" signature="setup()[pri:0, instance:myProject.LoginPage@644baf4a]" started-at="2024-05-25T16:54:41 IST" name="setup" finished-at="2024-05-25T16:54:43 IST" duration-ms="1808" status="PASS">
          <reporter-output>
          </reporter-output>
        </test-method> <!-- setup -->
        <test-method signature="validTest1()[pri:2, instance:myProject.LoginPage@644baf4a]" started-at="2024-05-25T16:54:43 IST" name="validTest1" finished-at="2024-05-25T16:54:57 IST" duration-ms="13700" status="PASS">
          <reporter-output>
          </reporter-output>
        </test-method> <!-- validTest1 -->
        <test-method is-config="true" signature="tearDown()[pri:0, instance:myProject.LoginPage@644baf4a]" started-at="2024-05-25T16:54:57 IST" name="tearDown" finished-at="2024-05-25T16:54:57 IST" duration-ms="230" status="PASS">
          <reporter-output>
          </reporter-output>
        </test-method> <!-- tearDown -->
        <test-method is-config="true" signature="setup()[pri:0, instance:myProject.LoginPage@644baf4a]" started-at="2024-05-25T16:54:57 IST" name="setup" finished-at="2024-05-25T16:54:59 IST" duration-ms="1704" status="PASS">
          <reporter-output>
          </reporter-output>
        </test-method> <!-- setup -->
        <test-method signature="negativetest1()[pri:3, instance:myProject.LoginPage@644baf4a]" started-at="2024-05-25T16:54:59 IST" name="negativetest1" finished-at="2024-05-25T16:55:12 IST" duration-ms="13387" status="PASS">
          <reporter-output>
          </reporter-output>
        </test-method> <!-- negativetest1 -->
        <test-method is-config="true" signature="tearDown()[pri:0, instance:myProject.LoginPage@644baf4a]" started-at="2024-05-25T16:55:12 IST" name="tearDown" finished-at="2024-05-25T16:55:12 IST" duration-ms="243" status="PASS">
          <reporter-output>
          </reporter-output>
        </test-method> <!-- tearDown -->
        <test-method is-config="true" signature="setup()[pri:0, instance:myProject.LoginPage@644baf4a]" started-at="2024-05-25T16:55:12 IST" name="setup" finished-at="2024-05-25T16:55:13 IST" duration-ms="1155" status="PASS">
          <reporter-output>
          </reporter-output>
        </test-method> <!-- setup -->
        <test-method signature="negativeTest2()[pri:4, instance:myProject.LoginPage@644baf4a]" started-at="2024-05-25T16:55:13 IST" name="negativeTest2" finished-at="2024-05-25T16:55:27 IST" duration-ms="14048" status="PASS">
          <reporter-output>
          </reporter-output>
        </test-method> <!-- negativeTest2 -->
        <test-method is-config="true" signature="tearDown()[pri:0, instance:myProject.LoginPage@644baf4a]" started-at="2024-05-25T16:55:27 IST" name="tearDown" finished-at="2024-05-25T16:55:28 IST" duration-ms="259" status="PASS">
          <reporter-output>
          </reporter-output>
        </test-method> <!-- tearDown -->
        <test-method is-config="true" signature="setup()[pri:0, instance:myProject.LoginPage@644baf4a]" started-at="2024-05-25T16:55:28 IST" name="setup" finished-at="2024-05-25T16:55:29 IST" duration-ms="1832" status="PASS">
          <reporter-output>
          </reporter-output>
        </test-method> <!-- setup -->
        <test-method signature="negativeTest3()[pri:5, instance:myProject.LoginPage@644baf4a]" started-at="2024-05-25T16:55:29 IST" name="negativeTest3" finished-at="2024-05-25T16:55:43 IST" duration-ms="13326" status="PASS">
          <reporter-output>
          </reporter-output>
        </test-method> <!-- negativeTest3 -->
        <test-method is-config="true" signature="tearDown()[pri:0, instance:myProject.LoginPage@644baf4a]" started-at="2024-05-25T16:55:43 IST" name="tearDown" finished-at="2024-05-25T16:55:43 IST" duration-ms="223" status="PASS">
          <reporter-output>
          </reporter-output>
        </test-method> <!-- tearDown -->
        <test-method is-config="true" signature="setup()[pri:0, instance:myProject.LoginPage@644baf4a]" started-at="2024-05-25T16:55:43 IST" name="setup" finished-at="2024-05-25T16:55:44 IST" duration-ms="1152" status="PASS">
          <reporter-output>
          </reporter-output>
        </test-method> <!-- setup -->
        <test-method signature="isAmountSorted()[pri:6, instance:myProject.LoginPage@644baf4a]" started-at="2024-05-25T16:55:44 IST" name="isAmountSorted" finished-at="2024-05-25T16:55:58 IST" duration-ms="13408" status="PASS">
          <reporter-output>
          </reporter-output>
        </test-method> <!-- isAmountSorted -->
        <test-method is-config="true" signature="tearDown()[pri:0, instance:myProject.LoginPage@644baf4a]" started-at="2024-05-25T16:55:58 IST" name="tearDown" finished-at="2024-05-25T16:55:58 IST" duration-ms="257" status="PASS">
          <reporter-output>
          </reporter-output>
        </test-method> <!-- tearDown -->
      </class> <!-- myProject.LoginPage -->
    </test> <!-- Default test -->
  </suite> <!-- Default suite -->
</testng-results>
