<?xml version="1.0" encoding="UTF-8"?>
<testng-results ignored="0" total="6" passed="6" failed="0" skipped="0">
  <reporter-output>
  </reporter-output>
  <suite started-at="2024-05-26T02:55:12 IST" name="Default suite" finished-at="2024-05-26T02:56:45 IST" duration-ms="93132">
    <groups>
    </groups>
    <test started-at="2024-05-26T02:55:12 IST" name="Default test" finished-at="2024-05-26T02:56:45 IST" duration-ms="93132">
      <class name="myProject.LoginPage">
        <test-method is-config="true" signature="reportGenarate()[pri:0, instance:myProject.LoginPage@4c60d6e9]" started-at="2024-05-26T02:55:12 IST" name="reportGenarate" finished-at="2024-05-26T02:55:12 IST" duration-ms="155" status="PASS">
          <reporter-output>
          </reporter-output>
        </test-method> <!-- reportGenarate -->
        <test-method is-config="true" signature="setup()[pri:0, instance:myProject.LoginPage@4c60d6e9]" started-at="2024-05-26T02:55:12 IST" name="setup" finished-at="2024-05-26T02:55:17 IST" duration-ms="4664" status="PASS">
          <reporter-output>
          </reporter-output>
        </test-method> <!-- setup -->
        <test-method signature="assertion()[pri:1, instance:myProject.LoginPage@4c60d6e9]" started-at="2024-05-26T02:55:17 IST" name="assertion" finished-at="2024-05-26T02:55:22 IST" duration-ms="5122" status="PASS">
          <reporter-output>
          </reporter-output>
        </test-method> <!-- assertion -->
        <test-method is-config="true" signature="tearDown()[pri:0, instance:myProject.LoginPage@4c60d6e9]" started-at="2024-05-26T02:55:22 IST" name="tearDown" finished-at="2024-05-26T02:55:22 IST" duration-ms="293" status="PASS">
          <reporter-output>
          </reporter-output>
        </test-method> <!-- tearDown -->
        <test-method is-config="true" signature="setup()[pri:0, instance:myProject.LoginPage@4c60d6e9]" started-at="2024-05-26T02:55:22 IST" name="setup" finished-at="2024-05-26T02:55:25 IST" duration-ms="2761" status="PASS">
          <reporter-output>
          </reporter-output>
        </test-method> <!-- setup -->
        <test-method signature="validTest1()[pri:2, instance:myProject.LoginPage@4c60d6e9]" started-at="2024-05-26T02:55:25 IST" name="validTest1" finished-at="2024-05-26T02:55:40 IST" duration-ms="14357" status="PASS">
          <reporter-output>
          </reporter-output>
        </test-method> <!-- validTest1 -->
        <test-method is-config="true" signature="tearDown()[pri:0, instance:myProject.LoginPage@4c60d6e9]" started-at="2024-05-26T02:55:40 IST" name="tearDown" finished-at="2024-05-26T02:55:40 IST" duration-ms="307" status="PASS">
          <reporter-output>
          </reporter-output>
        </test-method> <!-- tearDown -->
        <test-method is-config="true" signature="setup()[pri:0, instance:myProject.LoginPage@4c60d6e9]" started-at="2024-05-26T02:55:40 IST" name="setup" finished-at="2024-05-26T02:55:41 IST" duration-ms="1392" status="PASS">
          <reporter-output>
          </reporter-output>
        </test-method> <!-- setup -->
        <test-method signature="negativetest1()[pri:3, instance:myProject.LoginPage@4c60d6e9]" started-at="2024-05-26T02:55:41 IST" name="negativetest1" finished-at="2024-05-26T02:55:56 IST" duration-ms="14551" status="PASS">
          <reporter-output>
          </reporter-output>
        </test-method> <!-- negativetest1 -->
        <test-method is-config="true" signature="tearDown()[pri:0, instance:myProject.LoginPage@4c60d6e9]" started-at="2024-05-26T02:55:56 IST" name="tearDown" finished-at="2024-05-26T02:55:56 IST" duration-ms="212" status="PASS">
          <reporter-output>
          </reporter-output>
        </test-method> <!-- tearDown -->
        <test-method is-config="true" signature="setup()[pri:0, instance:myProject.LoginPage@4c60d6e9]" started-at="2024-05-26T02:55:56 IST" name="setup" finished-at="2024-05-26T02:55:59 IST" duration-ms="2728" status="PASS">
          <reporter-output>
          </reporter-output>
        </test-method> <!-- setup -->
        <test-method signature="negativeTest2()[pri:4, instance:myProject.LoginPage@4c60d6e9]" started-at="2024-05-26T02:55:59 IST" name="negativeTest2" finished-at="2024-05-26T02:56:12 IST" duration-ms="13235" status="PASS">
          <reporter-output>
          </reporter-output>
        </test-method> <!-- negativeTest2 -->
        <test-method is-config="true" signature="tearDown()[pri:0, instance:myProject.LoginPage@4c60d6e9]" started-at="2024-05-26T02:56:12 IST" name="tearDown" finished-at="2024-05-26T02:56:12 IST" duration-ms="321" status="PASS">
          <reporter-output>
          </reporter-output>
        </test-method> <!-- tearDown -->
        <test-method is-config="true" signature="setup()[pri:0, instance:myProject.LoginPage@4c60d6e9]" started-at="2024-05-26T02:56:12 IST" name="setup" finished-at="2024-05-26T02:56:14 IST" duration-ms="1496" status="PASS">
          <reporter-output>
          </reporter-output>
        </test-method> <!-- setup -->
        <test-method signature="negativeTest3()[pri:5, instance:myProject.LoginPage@4c60d6e9]" started-at="2024-05-26T02:56:14 IST" name="negativeTest3" finished-at="2024-05-26T02:56:29 IST" duration-ms="14710" status="PASS">
          <reporter-output>
          </reporter-output>
        </test-method> <!-- negativeTest3 -->
        <test-method is-config="true" signature="tearDown()[pri:0, instance:myProject.LoginPage@4c60d6e9]" started-at="2024-05-26T02:56:29 IST" name="tearDown" finished-at="2024-05-26T02:56:29 IST" duration-ms="246" status="PASS">
          <reporter-output>
          </reporter-output>
        </test-method> <!-- tearDown -->
        <test-method is-config="true" signature="setup()[pri:0, instance:myProject.LoginPage@4c60d6e9]" started-at="2024-05-26T02:56:29 IST" name="setup" finished-at="2024-05-26T02:56:31 IST" duration-ms="2601" status="PASS">
          <reporter-output>
          </reporter-output>
        </test-method> <!-- setup -->
        <test-method signature="isAmountSorted()[pri:6, instance:myProject.LoginPage@4c60d6e9]" started-at="2024-05-26T02:56:31 IST" name="isAmountSorted" finished-at="2024-05-26T02:56:45 IST" duration-ms="13354" status="PASS">
          <reporter-output>
          </reporter-output>
        </test-method> <!-- isAmountSorted -->
        <test-method is-config="true" signature="tearDown()[pri:0, instance:myProject.LoginPage@4c60d6e9]" started-at="2024-05-26T02:56:45 IST" name="tearDown" finished-at="2024-05-26T02:56:45 IST" duration-ms="237" status="PASS">
          <reporter-output>
          </reporter-output>
        </test-method> <!-- tearDown -->
        <test-method is-config="true" signature="reportFlush()[pri:0, instance:myProject.LoginPage@4c60d6e9]" started-at="2024-05-26T02:56:45 IST" name="reportFlush" finished-at="2024-05-26T02:56:45 IST" duration-ms="301" status="PASS">
          <reporter-output>
          </reporter-output>
        </test-method> <!-- reportFlush -->
      </class> <!-- myProject.LoginPage -->
    </test> <!-- Default test -->
  </suite> <!-- Default suite -->
</testng-results>
